<?xml version="1.0" encoding="UTF-8"?>
<testng-results skipped="0" failed="0" total="1" passed="1">
  <reporter-output>
  </reporter-output>
  <suite name="Default suite" duration-ms="17135" started-at="2017-12-24T11:11:30Z" finished-at="2017-12-24T11:11:47Z">
    <groups>
    </groups>
    <test name="Default test" duration-ms="17135" started-at="2017-12-24T11:11:30Z" finished-at="2017-12-24T11:11:47Z">
      <class name="automated_HLS.New_Build_LC">
        <test-method status="PASS" signature="setUp()[pri:0, instance:automated_HLS.New_Build_LC@6a41eaa2]" name="setUp" is-config="true" duration-ms="9755" started-at="2017-12-24T14:11:30Z" finished-at="2017-12-24T14:11:40Z">
          <reporter-output>
          </reporter-output>
        </test-method> <!-- setUp -->
        <test-method status="PASS" signature="testCal()[pri:0, instance:automated_HLS.New_Build_LC@6a41eaa2]" name="testCal" duration-ms="7364" started-at="2017-12-24T14:11:40Z" finished-at="2017-12-24T14:11:47Z">
          <reporter-output>
          </reporter-output>
        </test-method> <!-- testCal -->
      </class> <!-- automated_HLS.New_Build_LC -->
    </test> <!-- Default test -->
  </suite> <!-- Default suite -->
</testng-results>
