<?xml version="1.0" encoding="UTF-8"?>
<testng-results skipped="0" failed="0" total="1" passed="1">
  <reporter-output>
  </reporter-output>
  <suite name="Default suite" duration-ms="39000" started-at="2017-12-13T12:53:54Z" finished-at="2017-12-13T12:54:33Z">
    <groups>
    </groups>
    <test name="Default test" duration-ms="39000" started-at="2017-12-13T12:53:54Z" finished-at="2017-12-13T12:54:33Z">
      <class name="area_decision.Area_get">
        <test-method status="PASS" signature="setUp()[pri:0, instance:area_decision.Area_get@27efef64]" name="setUp" is-config="true" duration-ms="15577" started-at="2017-12-13T15:53:54Z" finished-at="2017-12-13T15:54:10Z">
          <reporter-output>
          </reporter-output>
        </test-method> <!-- setUp -->
        <test-method status="PASS" signature="testCal()[pri:0, instance:area_decision.Area_get@27efef64]" name="testCal" duration-ms="23417" started-at="2017-12-13T15:54:10Z" finished-at="2017-12-13T15:54:33Z">
          <reporter-output>
          </reporter-output>
        </test-method> <!-- testCal -->
        <test-method status="PASS" signature="teardown()[pri:0, instance:area_decision.Area_get@27efef64]" name="teardown" is-config="true" duration-ms="0" started-at="2017-12-13T15:54:33Z" finished-at="2017-12-13T15:54:33Z">
          <reporter-output>
          </reporter-output>
        </test-method> <!-- teardown -->
      </class> <!-- area_decision.Area_get -->
    </test> <!-- Default test -->
  </suite> <!-- Default suite -->
</testng-results>
